<?xml version="1.0" encoding="UTF-8"?>
<!-- Generated by org.testng.reporters.JUnitReportReporter -->
<testsuite skipped="0" hostname="DESKTOP-L67F89V" name="APITEST.Demo_Testng" tests="2" failures="0" timestamp="2021-12-02T09:50:55 IST" time="0.016" errors="0">
  <testcase name="tsetcase2" time="0.008" classname="APITEST.Demo_Testng"/>
  <system-out/>
  <testcase name="testcase1" time="0.008" classname="APITEST.Demo_Testng"/>
  <system-out/>
</testsuite> <!-- APITEST.Demo_Testng -->
