<?xml version="1.0" encoding="UTF-8"?>
<!-- Generated by org.testng.reporters.JUnitReportReporter -->
<testsuite skipped="2" hostname="DESKTOP-L67F89V" name="APITEST.trello" tests="3" failures="0" timestamp="2021-12-02T09:31:59 IST" time="3.612" errors="0">
  <testcase name="createboard" time="3.612" classname="APITEST.trello"/>
  <system-out/>
  <testcase name="deleteboard" classname="APITEST.trello">
    <skipped/>
  </testcase> <!-- deleteboard -->
  <system-out/>
  <testcase name="getboard" classname="APITEST.trello">
    <skipped/>
  </testcase> <!-- getboard -->
  <system-out/>
</testsuite> <!-- APITEST.trello -->
