<?xml version="1.0" encoding="UTF-8"?>
<!-- Generated by org.testng.reporters.JUnitReportReporter -->
<testsuite skipped="1" hostname="DESKTOP-L67F89V" name="APITEST.E_commerce" tests="4" failures="0" timestamp="2021-12-02T09:50:55 IST" time="19.210" errors="0">
  <testcase name="login" time="14.318" classname="APITEST.E_commerce"/>
  <system-out/>
  <testcase name="getusers" time="3.247" classname="APITEST.E_commerce"/>
  <system-out/>
  <testcase name="delete" time="1.645" classname="APITEST.E_commerce"/>
  <system-out/>
  <testcase name="sign_up" classname="APITEST.E_commerce">
    <skipped/>
  </testcase> <!-- sign_up -->
  <system-out/>
</testsuite> <!-- APITEST.E_commerce -->
